Build started 2017-04-13 오후 9:22:39.
     1>Project "C:\Users\민지\documents\visual studio 2013\Projects\윤목!\윤목!\윤목!.vcxproj" on node 2 (Build target(s)).
     1>ClCompile:
         C:\Program Files (x86)\Microsoft Visual Studio 12.0\VC\bin\CL.exe /c /ZI /nologo /W3 /WX- /sdl /Od /Oy- /D WIN32 /D _DEBUG /D _CONSOLE /D _LIB /D _UNICODE /D UNICODE /Gm /EHsc /RTC1 /MDd /GS /fp:precise /Zc:wchar_t /Zc:forScope /Fo"Debug\\" /Fd"Debug\vc120.pdb" /Gd /TC /analyze- /errorReport:prompt "윤목.c"
         윤목.c
     1>c:\users\민지\documents\visual studio 2013\projects\윤목!\윤목!\윤목.c(33): error C2146: syntax error : missing ';' before identifier 'reak'
     1>c:\users\민지\documents\visual studio 2013\projects\윤목!\윤목!\윤목.c(33): error C2065: 'reak' : undeclared identifier
     1>c:\users\민지\documents\visual studio 2013\projects\윤목!\윤목!\윤목.c(34): error C2181: illegal else without matching if
     1>c:\users\민지\documents\visual studio 2013\projects\윤목!\윤목!\윤목.c(38): warning C4244: '=' : conversion from 'float' to 'int', possible loss of data
     1>Done Building Project "C:\Users\민지\documents\visual studio 2013\Projects\윤목!\윤목!\윤목!.vcxproj" (Build target(s)) -- FAILED.

Build FAILED.

Time Elapsed 00:00:01.66
